This is pdfTeX, Version 3.1415926-2.5-1.40.14 (TeX Live 2013/Debian) (format=pdflatex 2017.1.18)  12 JUN 2017 08:46
entering extended mode
 restricted \write18 enabled.
 %&-line parsing enabled.
**PAPIERLZWO.tex
(./PAPIERLZWO.tex
LaTeX2e <2011/06/27>
Babel <3.9h> and hyphenation patterns for 9 languages loaded.
(/usr/share/texlive/texmf-dist/tex/latex/elsarticle/elsarticle.cls
Document Class: elsarticle 2009/09/17, 1.2.0: Elsevier Ltd
\@bls=\dimen102
(/usr/share/texlive/texmf-dist/tex/latex/base/article.cls
Document Class: article 2007/10/19 v1.4h Standard LaTeX document class
(/usr/share/texlive/texmf-dist/tex/latex/base/size12.clo
File: size12.clo 2007/10/19 v1.4h Standard LaTeX file (size option)
)
\c@part=\count79
\c@section=\count80
\c@subsection=\count81
\c@subsubsection=\count82
\c@paragraph=\count83
\c@subparagraph=\count84
\c@figure=\count85
\c@table=\count86
\abovecaptionskip=\skip41
\belowcaptionskip=\skip42
\bibindent=\dimen103
)
(/usr/share/texlive/texmf-dist/tex/latex/graphics/graphicx.sty
Package: graphicx 1999/02/16 v1.0f Enhanced LaTeX Graphics (DPC,SPQR)

(/usr/share/texlive/texmf-dist/tex/latex/graphics/keyval.sty
Package: keyval 1999/03/16 v1.13 key=value parser (DPC)
\KV@toks@=\toks14
)
(/usr/share/texlive/texmf-dist/tex/latex/graphics/graphics.sty
Package: graphics 2009/02/05 v1.0o Standard LaTeX Graphics (DPC,SPQR)

(/usr/share/texlive/texmf-dist/tex/latex/graphics/trig.sty
Package: trig 1999/03/16 v1.09 sin cos tan (DPC)
)
(/usr/share/texlive/texmf-dist/tex/latex/latexconfig/graphics.cfg
File: graphics.cfg 2010/04/23 v1.9 graphics configuration of TeX Live
)
Package graphics Info: Driver file: pdftex.def on input line 91.

(/usr/share/texlive/texmf-dist/tex/latex/pdftex-def/pdftex.def
File: pdftex.def 2011/05/27 v0.06d Graphics/color for pdfTeX

(/usr/share/texlive/texmf-dist/tex/generic/oberdiek/infwarerr.sty
Package: infwarerr 2010/04/08 v1.3 Providing info/warning/error messages (HO)
)
(/usr/share/texlive/texmf-dist/tex/generic/oberdiek/ltxcmds.sty
Package: ltxcmds 2011/11/09 v1.22 LaTeX kernel commands for general use (HO)
)
\Gread@gobject=\count87
))
\Gin@req@height=\dimen104
\Gin@req@width=\dimen105
)
(/usr/share/texlive/texmf-dist/tex/latex/psnfss/pifont.sty
Package: pifont 2005/04/12 PSNFSS-v9.2a Pi font support (SPQR) 
LaTeX Font Info:    Try loading font information for U+pzd on input line 63.

(/usr/share/texlive/texmf-dist/tex/latex/psnfss/upzd.fd
File: upzd.fd 2001/06/04 font definitions for U/pzd.
)
LaTeX Font Info:    Try loading font information for U+psy on input line 64.

(/usr/share/texlive/texmf-dist/tex/latex/psnfss/upsy.fd
File: upsy.fd 2001/06/04 font definitions for U/psy.
))
\c@tnote=\count88
\c@fnote=\count89
\c@cnote=\count90
\c@ead=\count91
\c@author=\count92
\@eadauthor=\toks15
\c@affn=\count93
\absbox=\box26
\keybox=\box27
\Columnwidth=\dimen106
\space@left=\dimen107
\els@boxa=\box28
\els@boxb=\box29
\leftMargin=\dimen108
\@enLab=\toks16
\@sep=\skip43
\@@sep=\skip44
 (./PAPIERLZWO.spl)
(/usr/share/texlive/texmf-dist/tex/latex/natbib/natbib.sty
Package: natbib 2010/09/13 8.31b (PWD, AO)
\bibhang=\skip45
\bibsep=\skip46
LaTeX Info: Redefining \cite on input line 694.
\c@NAT@ctr=\count94
)
\splwrite=\write3
\openout3 = `PAPIERLZWO.spl'.

)
(/usr/share/texlive/texmf-dist/tex/latex/lineno/lineno.sty
Package: lineno 2005/11/02 line numbers on paragraphs v4.41
\linenopenalty=\count95
\output=\toks17
\linenoprevgraf=\count96
\linenumbersep=\dimen109
\linenumberwidth=\dimen110
\c@linenumber=\count97
\c@pagewiselinenumber=\count98
\c@LN@truepage=\count99
\c@internallinenumber=\count100
\c@internallinenumbers=\count101
\quotelinenumbersep=\dimen111
\bframerule=\dimen112
\bframesep=\dimen113
\bframebox=\box30
LaTeX Info: Redefining \\ on input line 3056.
)
(/usr/share/texlive/texmf-dist/tex/latex/hyperref/hyperref.sty
Package: hyperref 2012/11/06 v6.83m Hypertext links for LaTeX

(/usr/share/texlive/texmf-dist/tex/generic/oberdiek/hobsub-hyperref.sty
Package: hobsub-hyperref 2012/05/28 v1.13 Bundle oberdiek, subset hyperref (HO)


(/usr/share/texlive/texmf-dist/tex/generic/oberdiek/hobsub-generic.sty
Package: hobsub-generic 2012/05/28 v1.13 Bundle oberdiek, subset generic (HO)
Package: hobsub 2012/05/28 v1.13 Construct package bundles (HO)
Package hobsub Info: Skipping package `infwarerr' (already loaded).
Package hobsub Info: Skipping package `ltxcmds' (already loaded).
Package: ifluatex 2010/03/01 v1.3 Provides the ifluatex switch (HO)
Package ifluatex Info: LuaTeX not detected.
Package: ifvtex 2010/03/01 v1.5 Detect VTeX and its facilities (HO)
Package ifvtex Info: VTeX not detected.
Package: intcalc 2007/09/27 v1.1 Expandable calculations with integers (HO)
Package: ifpdf 2011/01/30 v2.3 Provides the ifpdf switch (HO)
Package ifpdf Info: pdfTeX in PDF mode is detected.
Package: etexcmds 2011/02/16 v1.5 Avoid name clashes with e-TeX commands (HO)
Package etexcmds Info: Could not find \expanded.
(etexcmds)             That can mean that you are not using pdfTeX 1.50 or
(etexcmds)             that some package has redefined \expanded.
(etexcmds)             In the latter case, load this package earlier.
Package: kvsetkeys 2012/04/25 v1.16 Key value parser (HO)
Package: kvdefinekeys 2011/04/07 v1.3 Define keys (HO)
Package: pdftexcmds 2011/11/29 v0.20 Utility functions of pdfTeX for LuaTeX (HO
)
Package pdftexcmds Info: LuaTeX not detected.
Package pdftexcmds Info: \pdf@primitive is available.
Package pdftexcmds Info: \pdf@ifprimitive is available.
Package pdftexcmds Info: \pdfdraftmode found.
Package: pdfescape 2011/11/25 v1.13 Implements pdfTeX's escape features (HO)
Package: bigintcalc 2012/04/08 v1.3 Expandable calculations on big integers (HO
)
Package: bitset 2011/01/30 v1.1 Handle bit-vector datatype (HO)
Package: uniquecounter 2011/01/30 v1.2 Provide unlimited unique counter (HO)
)
Package hobsub Info: Skipping package `hobsub' (already loaded).
Package: letltxmacro 2010/09/02 v1.4 Let assignment for LaTeX macros (HO)
Package: hopatch 2012/05/28 v1.2 Wrapper for package hooks (HO)
Package: xcolor-patch 2011/01/30 xcolor patch
Package: atveryend 2011/06/30 v1.8 Hooks at the very end of document (HO)
Package atveryend Info: \enddocument detected (standard20110627).
Package: atbegshi 2011/10/05 v1.16 At begin shipout hook (HO)
Package: refcount 2011/10/16 v3.4 Data extraction from label references (HO)
Package: hycolor 2011/01/30 v1.7 Color options for hyperref/bookmark (HO)
)
(/usr/share/texlive/texmf-dist/tex/generic/ifxetex/ifxetex.sty
Package: ifxetex 2010/09/12 v0.6 Provides ifxetex conditional
)
(/usr/share/texlive/texmf-dist/tex/latex/oberdiek/auxhook.sty
Package: auxhook 2011/03/04 v1.3 Hooks for auxiliary files (HO)
)
(/usr/share/texlive/texmf-dist/tex/latex/oberdiek/kvoptions.sty
Package: kvoptions 2011/06/30 v3.11 Key value format for package options (HO)
)
\@linkdim=\dimen114
\Hy@linkcounter=\count102
\Hy@pagecounter=\count103

(/usr/share/texlive/texmf-dist/tex/latex/hyperref/pd1enc.def
File: pd1enc.def 2012/11/06 v6.83m Hyperref: PDFDocEncoding definition (HO)
)
\Hy@SavedSpaceFactor=\count104

(/usr/share/texlive/texmf-dist/tex/latex/latexconfig/hyperref.cfg
File: hyperref.cfg 2002/06/06 v1.2 hyperref configuration of TeXLive
)
Package hyperref Info: Hyper figures OFF on input line 4443.
Package hyperref Info: Link nesting OFF on input line 4448.
Package hyperref Info: Hyper index ON on input line 4451.
Package hyperref Info: Plain pages OFF on input line 4458.
Package hyperref Info: Backreferencing OFF on input line 4463.
Package hyperref Info: Implicit mode ON; LaTeX internals redefined.
Package hyperref Info: Bookmarks ON on input line 4688.
\c@Hy@tempcnt=\count105

(/usr/share/texlive/texmf-dist/tex/latex/url/url.sty
\Urlmuskip=\muskip10
Package: url 2013/09/16  ver 3.4  Verb mode for urls, etc.
)
LaTeX Info: Redefining \url on input line 5041.
\XeTeXLinkMargin=\dimen115
\Fld@menulength=\count106
\Field@Width=\dimen116
\Fld@charsize=\dimen117
Package hyperref Info: Hyper figures OFF on input line 6295.
Package hyperref Info: Link nesting OFF on input line 6300.
Package hyperref Info: Hyper index ON on input line 6303.
Package hyperref Info: backreferencing OFF on input line 6310.
Package hyperref Info: Link coloring OFF on input line 6315.
Package hyperref Info: Link coloring with OCG OFF on input line 6320.
Package hyperref Info: PDF/A mode OFF on input line 6325.
LaTeX Info: Redefining \ref on input line 6365.
LaTeX Info: Redefining \pageref on input line 6369.
\Hy@abspage=\count107
\c@Item=\count108
\c@Hfootnote=\count109
)

Package hyperref Message: Driver (autodetected): hpdftex.

(/usr/share/texlive/texmf-dist/tex/latex/hyperref/hpdftex.def
File: hpdftex.def 2012/11/06 v6.83m Hyperref driver for pdfTeX
\Fld@listcount=\count110
\c@bookmark@seq@number=\count111

(/usr/share/texlive/texmf-dist/tex/latex/oberdiek/rerunfilecheck.sty
Package: rerunfilecheck 2011/04/15 v1.7 Rerun checks for auxiliary files (HO)
Package uniquecounter Info: New unique counter `rerunfilecheck' on input line 2
82.
)
\Hy@SectionHShift=\skip47
)
(./PAPIERLZWO.aux)
\openout1 = `PAPIERLZWO.aux'.

LaTeX Font Info:    Checking defaults for OML/cmm/m/it on input line 40.
LaTeX Font Info:    ... okay on input line 40.
LaTeX Font Info:    Checking defaults for T1/cmr/m/n on input line 40.
LaTeX Font Info:    ... okay on input line 40.
LaTeX Font Info:    Checking defaults for OT1/cmr/m/n on input line 40.
LaTeX Font Info:    ... okay on input line 40.
LaTeX Font Info:    Checking defaults for OMS/cmsy/m/n on input line 40.
LaTeX Font Info:    ... okay on input line 40.
LaTeX Font Info:    Checking defaults for OMX/cmex/m/n on input line 40.
LaTeX Font Info:    ... okay on input line 40.
LaTeX Font Info:    Checking defaults for U/cmr/m/n on input line 40.
LaTeX Font Info:    ... okay on input line 40.
LaTeX Font Info:    Checking defaults for PD1/pdf/m/n on input line 40.
LaTeX Font Info:    ... okay on input line 40.

(/usr/share/texlive/texmf-dist/tex/context/base/supp-pdf.mkii
[Loading MPS to PDF converter (version 2006.09.02).]
\scratchcounter=\count112
\scratchdimen=\dimen118
\scratchbox=\box31
\nofMPsegments=\count113
\nofMParguments=\count114
\everyMPshowfont=\toks18
\MPscratchCnt=\count115
\MPscratchDim=\dimen119
\MPnumerator=\count116
\makeMPintoPDFobject=\count117
\everyMPtoPDFconversion=\toks19
) (/usr/share/texlive/texmf-dist/tex/latex/oberdiek/epstopdf-base.sty
Package: epstopdf-base 2010/02/09 v2.5 Base part for package epstopdf

(/usr/share/texlive/texmf-dist/tex/latex/oberdiek/grfext.sty
Package: grfext 2010/08/19 v1.1 Manage graphics extensions (HO)
)
Package grfext Info: Graphics extension search list:
(grfext)             [.png,.pdf,.jpg,.mps,.jpeg,.jbig2,.jb2,.PNG,.PDF,.JPG,.JPE
G,.JBIG2,.JB2,.eps]
(grfext)             \AppendGraphicsExtensions on input line 452.

(/usr/share/texlive/texmf-dist/tex/latex/latexconfig/epstopdf-sys.cfg
File: epstopdf-sys.cfg 2010/07/13 v1.3 Configuration of (r)epstopdf for TeX Liv
e
))
\AtBeginShipoutBox=\box32
Package hyperref Info: Link coloring OFF on input line 40.

(/usr/share/texlive/texmf-dist/tex/latex/hyperref/nameref.sty
Package: nameref 2012/10/27 v2.43 Cross-referencing by name of section

(/usr/share/texlive/texmf-dist/tex/generic/oberdiek/gettitlestring.sty
Package: gettitlestring 2010/12/03 v1.4 Cleanup title references (HO)
)
\c@section@level=\count118
)
LaTeX Info: Redefining \ref on input line 40.
LaTeX Info: Redefining \pageref on input line 40.
LaTeX Info: Redefining \nameref on input line 40.

(./PAPIERLZWO.out) (./PAPIERLZWO.out)
\@outlinefile=\write4
\openout4 = `PAPIERLZWO.out'.

LaTeX Font Info:    External font `cmex10' loaded for size
(Font)              <7> on input line 67.
LaTeX Font Info:    External font `cmex10' loaded for size
(Font)              <5> on input line 67.
LaTeX Font Info:    External font `cmex10' loaded for size
(Font)              <12> on input line 67.
LaTeX Font Info:    External font `cmex10' loaded for size
(Font)              <8> on input line 67.
LaTeX Font Info:    External font `cmex10' loaded for size
(Font)              <6> on input line 67.
Missing character: There is no Ã in font cmr12!
Missing character: There is no ¼ in font cmr12!
 [1


{/var/lib/texmf/fonts/map/pdftex/updmap/pdftex.map}] [2] [3]
LaTeX Font Info:    External font `cmex10' loaded for size
(Font)              <10.95> on input line 109.

Underfull \hbox (badness 10000) in paragraph at lines 116--116
[]\OT1/cmr/m/n/10.95 calcareous sed-i-men-tary
 []


Underfull \hbox (badness 4621) in paragraph at lines 120--120
[]\OT1/cmr/m/n/10.95 intermediate sed-i-men-tary
 []


Underfull \hbox (badness 2809) in paragraph at lines 122--122
[]\OT1/cmr/m/n/10.95 Pleistocene de-posits from de-bris
 []


Overfull \hbox (27.98987pt too wide) in paragraph at lines 109--130
 [][] 
 []

[4]
Underfull \hbox (badness 3919) in paragraph at lines 144--144
[]\OT1/cmr/m/n/10.95 Cambisol, Flu-vi-sol,
 []


Underfull \hbox (badness 10000) in paragraph at lines 144--144
\OT1/cmr/m/n/10.95 Lu-vi-sol, Um-brisol,
 []


Underfull \hbox (badness 10000) in paragraph at lines 146--146
[]\OT1/cmr/m/n/10.95 Farb-
 []


Underfull \hbox (badness 10000) in paragraph at lines 148--148
[]\OT1/cmr/m/n/10.95 Feinmaterial-
 []


Underfull \hbox (badness 10000) in paragraph at lines 148--148
[]\OT1/cmr/m/n/10.95 Leptosol, Regosol,
 []


Underfull \hbox (badness 10000) in paragraph at lines 150--150
[]\OT1/cmr/m/n/10.95 Grobmaterial-
 []


Underfull \hbox (badness 10000) in paragraph at lines 150--150
[]\OT1/cmr/m/n/10.95 Leptosol, Regosol,
 []

Missing character: There is no Ã in font cmr10!
Missing character: There is no ¤ in font cmr10!

Underfull \hbox (badness 10000) in paragraph at lines 152--152
[]\OT1/cmr/m/n/10.95 Haftnsse-
 []


Overfull \hbox (2.81117pt too wide) in paragraph at lines 154--154
[]\OT1/cmr/m/n/10.95 Kalkbraunlehm| 
 []


Underfull \hbox (badness 10000) in paragraph at lines 156--156
[]\OT1/cmr/m/n/10.95 Kalklehm-
 []


Underfull \hbox (badness 10000) in paragraph at lines 162--162
[]\OT1/cmr/m/n/10.95 Leptosol, Regosol,
 []


Underfull \hbox (badness 8000) in paragraph at lines 162--163
[]\OT1/cmr/m/n/10.95 with or-ganic hori-zon on car-bon-atic
 []


Underfull \hbox (badness 2005) in paragraph at lines 164--164
[]\OT1/cmr/m/n/10.95 Leptosol, Um-brisol,
 []


Underfull \hbox (badness 10000) in paragraph at lines 166--167
[]\OT1/cmr/m/n/10.95 with or-ganic hori-zon on cal-care-ous
 []


Underfull \hbox (badness 10000) in paragraph at lines 172--172
[]\OT1/cmr/m/n/10.95 Textur-
 []


Underfull \hbox (badness 10000) in paragraph at lines 172--172
[]\OT1/cmr/m/n/10.95 Regosol, Arenosol,
 []


Overfull \hbox (15.8858pt too wide) in paragraph at lines 140--175
 [][] 
 []

Missing character: There is no â in font cmti12!
Missing character: There is no € in font cmti12!
Missing character: There is no ¢ in font cmti12!
[5] [6] [7]
Overfull \hbox (2.35074pt too wide) in paragraph at lines 192--192
[]\OT1/cmr/m/n/10.95 AD| 
 []


Overfull \hbox (2.04657pt too wide) in paragraph at lines 192--192
[]\OT1/cmr/m/n/10.95 CD| 
 []


Overfull \hbox (7.82574pt too wide) in paragraph at lines 192--192
[]\OT1/cmr/m/n/10.95 CSR| 
 []


Overfull \hbox (2.04657pt too wide) in paragraph at lines 192--192
[]\OT1/cmr/m/n/10.95 DC| 
 []


Overfull \hbox (2.73096pt too wide) in paragraph at lines 192--192
[]\OT1/cmr/m/n/10.95 GD| 
 []


Overfull \hbox (5.84866pt too wide) in paragraph at lines 192--192
[]\OT1/cmr/m/n/10.95 IMS| 
 []


Overfull \hbox (3.87157pt too wide) in paragraph at lines 192--192
[]\OT1/cmr/m/n/10.95 ISR| 
 []


Overfull \hbox (8.46451pt too wide) in paragraph at lines 192--192
[]\OT1/cmr/m/n/10.95 MrD| 
 []


Overfull \hbox (9.95494pt too wide) in paragraph at lines 192--192
[]\OT1/cmr/m/n/10.95 MxD| 
 []


Overfull \hbox (8.35805pt too wide) in paragraph at lines 192--192
[]\OT1/cmr/m/n/10.95 SGT| 
 []


Overfull \hbox (6.00075pt too wide) in paragraph at lines 192--192
[]\OT1/cmr/m/n/10.95 SSR| 
 []


Overfull \hbox (2.2747pt too wide) in paragraph at lines 192--193
[]\OT1/cmr/m/n/10.95 TG| 
 []


Overfull \hbox (2.35074pt too wide) in paragraph at lines 194--194
[]\OT1/cmr/m/n/10.95 AD| 
 []


Overfull \hbox (5.24033pt too wide) in paragraph at lines 194--194
[]\OT1/cmr/m/n/10.95 1.96| 
 []


Overfull \hbox (5.24033pt too wide) in paragraph at lines 194--194
[]\OT1/cmr/m/n/10.95 0.00| 
 []


Overfull \hbox (5.24033pt too wide) in paragraph at lines 194--194
[]\OT1/cmr/m/n/10.95 2.19| 
 []


Overfull \hbox (5.24033pt too wide) in paragraph at lines 194--194
[]\OT1/cmr/m/n/10.95 1.37| 
 []


Overfull \hbox (5.24033pt too wide) in paragraph at lines 194--194
[]\OT1/cmr/m/n/10.95 0.23| 
 []


Overfull \hbox (5.24033pt too wide) in paragraph at lines 194--194
[]\OT1/cmr/m/n/10.95 0.00| 
 []


Overfull \hbox (5.24033pt too wide) in paragraph at lines 194--194
[]\OT1/cmr/m/n/10.95 2.29| 
 []


Overfull \hbox (5.24033pt too wide) in paragraph at lines 194--194
[]\OT1/cmr/m/n/10.95 1.01| 
 []


Overfull \hbox (5.24033pt too wide) in paragraph at lines 194--194
[]\OT1/cmr/m/n/10.95 0.53| 
 []


Overfull \hbox (5.24033pt too wide) in paragraph at lines 194--194
[]\OT1/cmr/m/n/10.95 0.01| 
 []


Overfull \hbox (5.24033pt too wide) in paragraph at lines 194--194
[]\OT1/cmr/m/n/10.95 1.18| 
 []


Overfull \hbox (10.71533pt too wide) in paragraph at lines 194--194
[]\OT1/cmr/m/n/10.95 31.49| 
 []


Overfull \hbox (5.24033pt too wide) in paragraph at lines 194--194
[]\OT1/cmr/m/n/10.95 0.02| 
 []


Overfull \hbox (5.24033pt too wide) in paragraph at lines 194--195
[]\OT1/cmr/m/n/10.95 1.05| 
 []


Overfull \hbox (2.04657pt too wide) in paragraph at lines 195--195
[]\OT1/cmr/m/n/10.95 CD| 
 []


Overfull \hbox (5.24033pt too wide) in paragraph at lines 195--195
[]\OT1/cmr/m/n/10.95 0.12| 
 []


Overfull \hbox (5.24033pt too wide) in paragraph at lines 195--195
[]\OT1/cmr/m/n/10.95 1.63| 
 []


Overfull \hbox (5.24033pt too wide) in paragraph at lines 195--195
[]\OT1/cmr/m/n/10.95 0.89| 
 []


Overfull \hbox (5.24033pt too wide) in paragraph at lines 195--195
[]\OT1/cmr/m/n/10.95 0.26| 
 []


Overfull \hbox (5.24033pt too wide) in paragraph at lines 195--195
[]\OT1/cmr/m/n/10.95 0.00| 
 []


Overfull \hbox (5.24033pt too wide) in paragraph at lines 195--195
[]\OT1/cmr/m/n/10.95 0.06| 
 []


Overfull \hbox (5.24033pt too wide) in paragraph at lines 195--195
[]\OT1/cmr/m/n/10.95 0.93| 
 []


Overfull \hbox (5.24033pt too wide) in paragraph at lines 195--195
[]\OT1/cmr/m/n/10.95 0.54| 
 []


Overfull \hbox (5.24033pt too wide) in paragraph at lines 195--195
[]\OT1/cmr/m/n/10.95 0.05| 
 []


Overfull \hbox (5.24033pt too wide) in paragraph at lines 195--195
[]\OT1/cmr/m/n/10.95 0.37| 
 []


Overfull \hbox (5.24033pt too wide) in paragraph at lines 195--195
[]\OT1/cmr/m/n/10.95 0.59| 
 []


Overfull \hbox (5.24033pt too wide) in paragraph at lines 195--195
[]\OT1/cmr/m/n/10.95 0.00| 
 []


Overfull \hbox (5.24033pt too wide) in paragraph at lines 195--196
[]\OT1/cmr/m/n/10.95 1.18| 
 []


Overfull \hbox (7.82574pt too wide) in paragraph at lines 196--196
[]\OT1/cmr/m/n/10.95 CSR| 
 []


Overfull \hbox (5.24033pt too wide) in paragraph at lines 196--196
[]\OT1/cmr/m/n/10.95 1.10| 
 []


Overfull \hbox (5.24033pt too wide) in paragraph at lines 196--196
[]\OT1/cmr/m/n/10.95 0.00| 
 []


Overfull \hbox (5.24033pt too wide) in paragraph at lines 196--196
[]\OT1/cmr/m/n/10.95 0.00| 
 []


Overfull \hbox (5.24033pt too wide) in paragraph at lines 196--196
[]\OT1/cmr/m/n/10.95 0.51| 
 []


Overfull \hbox (5.24033pt too wide) in paragraph at lines 196--196
[]\OT1/cmr/m/n/10.95 0.00| 
 []


Overfull \hbox (5.24033pt too wide) in paragraph at lines 196--196
[]\OT1/cmr/m/n/10.95 0.12| 
 []


Overfull \hbox (5.24033pt too wide) in paragraph at lines 196--196
[]\OT1/cmr/m/n/10.95 0.06| 
 []


Overfull \hbox (5.24033pt too wide) in paragraph at lines 196--196
[]\OT1/cmr/m/n/10.95 0.57| 
 []


Overfull \hbox (5.24033pt too wide) in paragraph at lines 196--196
[]\OT1/cmr/m/n/10.95 3.89| 
 []


Overfull \hbox (5.24033pt too wide) in paragraph at lines 196--196
[]\OT1/cmr/m/n/10.95 0.07| 
 []


Overfull \hbox (5.24033pt too wide) in paragraph at lines 196--196
[]\OT1/cmr/m/n/10.95 0.47| 
 []


Overfull \hbox (5.24033pt too wide) in paragraph at lines 196--197
[]\OT1/cmr/m/n/10.95 2.06| 
 []


Overfull \hbox (2.04657pt too wide) in paragraph at lines 197--197
[]\OT1/cmr/m/n/10.95 DC| 
 []


Overfull \hbox (5.24033pt too wide) in paragraph at lines 197--197
[]\OT1/cmr/m/n/10.95 0.23| 
 []


Overfull \hbox (5.24033pt too wide) in paragraph at lines 197--197
[]\OT1/cmr/m/n/10.95 0.05| 
 []


Overfull \hbox (5.24033pt too wide) in paragraph at lines 197--197
[]\OT1/cmr/m/n/10.95 0.07| 
 []


Overfull \hbox (5.24033pt too wide) in paragraph at lines 197--197
[]\OT1/cmr/m/n/10.95 0.58| 
 []


Overfull \hbox (5.24033pt too wide) in paragraph at lines 197--197
[]\OT1/cmr/m/n/10.95 1.62| 
 []


Overfull \hbox (5.24033pt too wide) in paragraph at lines 197--197
[]\OT1/cmr/m/n/10.95 0.88| 
 []


Overfull \hbox (5.24033pt too wide) in paragraph at lines 197--197
[]\OT1/cmr/m/n/10.95 0.79| 
 []


Overfull \hbox (5.24033pt too wide) in paragraph at lines 197--197
[]\OT1/cmr/m/n/10.95 2.41| 
 []


Overfull \hbox (5.24033pt too wide) in paragraph at lines 197--197
[]\OT1/cmr/m/n/10.95 0.72| 
 []


Overfull \hbox (5.24033pt too wide) in paragraph at lines 197--197
[]\OT1/cmr/m/n/10.95 0.15| 
 []


Overfull \hbox (5.24033pt too wide) in paragraph at lines 197--198
[]\OT1/cmr/m/n/10.95 3.05| 
 []


Overfull \hbox (2.73096pt too wide) in paragraph at lines 198--198
[]\OT1/cmr/m/n/10.95 GD| 
 []


Overfull \hbox (5.24033pt too wide) in paragraph at lines 198--198
[]\OT1/cmr/m/n/10.95 0.20| 
 []


Overfull \hbox (5.24033pt too wide) in paragraph at lines 198--198
[]\OT1/cmr/m/n/10.95 0.00| 
 []


Overfull \hbox (5.24033pt too wide) in paragraph at lines 198--198
[]\OT1/cmr/m/n/10.95 0.00| 
 []


Overfull \hbox (5.24033pt too wide) in paragraph at lines 198--198
[]\OT1/cmr/m/n/10.95 0.31| 
 []


Overfull \hbox (5.24033pt too wide) in paragraph at lines 198--198
[]\OT1/cmr/m/n/10.95 0.03| 
 []


Overfull \hbox (5.24033pt too wide) in paragraph at lines 198--198
[]\OT1/cmr/m/n/10.95 0.00| 
 []


Overfull \hbox (5.24033pt too wide) in paragraph at lines 198--198
[]\OT1/cmr/m/n/10.95 0.03| 
 []


Overfull \hbox (5.24033pt too wide) in paragraph at lines 198--198
[]\OT1/cmr/m/n/10.95 0.27| 
 []


Overfull \hbox (5.24033pt too wide) in paragraph at lines 198--198
[]\OT1/cmr/m/n/10.95 0.00| 
 []


Overfull \hbox (5.24033pt too wide) in paragraph at lines 198--199
[]\OT1/cmr/m/n/10.95 0.24| 
 []


Overfull \hbox (5.84866pt too wide) in paragraph at lines 199--199
[]\OT1/cmr/m/n/10.95 IMS| 
 []


Overfull \hbox (5.24033pt too wide) in paragraph at lines 199--199
[]\OT1/cmr/m/n/10.95 0.00| 
 []


Overfull \hbox (5.24033pt too wide) in paragraph at lines 199--199
[]\OT1/cmr/m/n/10.95 0.00| 
 []


Overfull \hbox (5.24033pt too wide) in paragraph at lines 199--199
[]\OT1/cmr/m/n/10.95 0.05| 
 []


Overfull \hbox (5.24033pt too wide) in paragraph at lines 199--199
[]\OT1/cmr/m/n/10.95 0.06| 
 []


Overfull \hbox (5.24033pt too wide) in paragraph at lines 199--199
[]\OT1/cmr/m/n/10.95 0.00| 
 []


Overfull \hbox (5.24033pt too wide) in paragraph at lines 199--199
[]\OT1/cmr/m/n/10.95 0.03| 
 []


Overfull \hbox (5.24033pt too wide) in paragraph at lines 199--199
[]\OT1/cmr/m/n/10.95 0.09| 
 []


Overfull \hbox (5.24033pt too wide) in paragraph at lines 199--199
[]\OT1/cmr/m/n/10.95 0.00| 
 []


Overfull \hbox (5.24033pt too wide) in paragraph at lines 199--200
[]\OT1/cmr/m/n/10.95 0.09| 
 []


Overfull \hbox (3.87157pt too wide) in paragraph at lines 200--200
[]\OT1/cmr/m/n/10.95 ISR| 
 []


Overfull \hbox (5.24033pt too wide) in paragraph at lines 200--200
[]\OT1/cmr/m/n/10.95 0.00| 
 []


Overfull \hbox (5.24033pt too wide) in paragraph at lines 200--200
[]\OT1/cmr/m/n/10.95 0.00| 
 []


Overfull \hbox (5.24033pt too wide) in paragraph at lines 200--200
[]\OT1/cmr/m/n/10.95 0.00| 
 []


Overfull \hbox (5.24033pt too wide) in paragraph at lines 200--200
[]\OT1/cmr/m/n/10.95 0.10| 
 []


Overfull \hbox (5.24033pt too wide) in paragraph at lines 200--200
[]\OT1/cmr/m/n/10.95 0.40| 
 []


Overfull \hbox (5.24033pt too wide) in paragraph at lines 200--200
[]\OT1/cmr/m/n/10.95 0.00| 
 []


Overfull \hbox (5.24033pt too wide) in paragraph at lines 200--200
[]\OT1/cmr/m/n/10.95 0.00| 
 []


Overfull \hbox (5.24033pt too wide) in paragraph at lines 200--201
[]\OT1/cmr/m/n/10.95 0.04| 
 []


Overfull \hbox (8.46451pt too wide) in paragraph at lines 201--201
[]\OT1/cmr/m/n/10.95 MrD| 
 []


Overfull \hbox (5.24033pt too wide) in paragraph at lines 201--201
[]\OT1/cmr/m/n/10.95 0.02| 
 []


Overfull \hbox (5.24033pt too wide) in paragraph at lines 201--201
[]\OT1/cmr/m/n/10.95 0.11| 
 []


Overfull \hbox (5.24033pt too wide) in paragraph at lines 201--201
[]\OT1/cmr/m/n/10.95 0.05| 
 []


Overfull \hbox (5.24033pt too wide) in paragraph at lines 201--201
[]\OT1/cmr/m/n/10.95 0.05| 
 []


Overfull \hbox (5.24033pt too wide) in paragraph at lines 201--201
[]\OT1/cmr/m/n/10.95 0.17| 
 []


Overfull \hbox (5.24033pt too wide) in paragraph at lines 201--201
[]\OT1/cmr/m/n/10.95 0.00| 
 []


Overfull \hbox (5.24033pt too wide) in paragraph at lines 201--202
[]\OT1/cmr/m/n/10.95 0.01| 
 []


Overfull \hbox (9.95494pt too wide) in paragraph at lines 202--202
[]\OT1/cmr/m/n/10.95 MxD| 
 []


Overfull \hbox (5.24033pt too wide) in paragraph at lines 202--202
[]\OT1/cmr/m/n/10.95 0.25| 
 []


Overfull \hbox (5.24033pt too wide) in paragraph at lines 202--202
[]\OT1/cmr/m/n/10.95 0.14| 
 []


Overfull \hbox (5.24033pt too wide) in paragraph at lines 202--202
[]\OT1/cmr/m/n/10.95 0.25| 
 []


Overfull \hbox (5.24033pt too wide) in paragraph at lines 202--202
[]\OT1/cmr/m/n/10.95 0.93| 
 []


Overfull \hbox (5.24033pt too wide) in paragraph at lines 202--202
[]\OT1/cmr/m/n/10.95 0.01| 
 []


Overfull \hbox (5.24033pt too wide) in paragraph at lines 202--203
[]\OT1/cmr/m/n/10.95 0.82| 
 []


Overfull \hbox (5.24033pt too wide) in paragraph at lines 203--203
[]\OT1/cmr/m/n/10.95 0.94| 
 []


Overfull \hbox (10.71533pt too wide) in paragraph at lines 203--203
[]\OT1/cmr/m/n/10.95 10.18| 
 []


Overfull \hbox (5.24033pt too wide) in paragraph at lines 203--203
[]\OT1/cmr/m/n/10.95 2.03| 
 []


Overfull \hbox (5.24033pt too wide) in paragraph at lines 203--203
[]\OT1/cmr/m/n/10.95 0.41| 
 []


Overfull \hbox (5.24033pt too wide) in paragraph at lines 203--204
[]\OT1/cmr/m/n/10.95 4.14| 
 []


Overfull \hbox (5.24033pt too wide) in paragraph at lines 204--204
[]\OT1/cmr/m/n/10.95 0.90| 
 []


Overfull \hbox (5.24033pt too wide) in paragraph at lines 204--204
[]\OT1/cmr/m/n/10.95 0.12| 
 []


Overfull \hbox (5.24033pt too wide) in paragraph at lines 204--204
[]\OT1/cmr/m/n/10.95 0.09| 
 []


Overfull \hbox (5.24033pt too wide) in paragraph at lines 204--205
[]\OT1/cmr/m/n/10.95 0.73| 
 []


Overfull \hbox (5.24033pt too wide) in paragraph at lines 205--205
[]\OT1/cmr/m/n/10.95 0.79| 
 []


Overfull \hbox (5.24033pt too wide) in paragraph at lines 205--205
[]\OT1/cmr/m/n/10.95 0.77| 
 []


Overfull \hbox (5.24033pt too wide) in paragraph at lines 205--206
[]\OT1/cmr/m/n/10.95 3.80| 
 []


Overfull \hbox (8.35805pt too wide) in paragraph at lines 206--206
[]\OT1/cmr/m/n/10.95 SGT| 
 []


Overfull \hbox (5.24033pt too wide) in paragraph at lines 206--206
[]\OT1/cmr/m/n/10.95 0.12| 
 []


Overfull \hbox (5.24033pt too wide) in paragraph at lines 206--207
[]\OT1/cmr/m/n/10.95 0.70| 
 []


Overfull \hbox (6.00075pt too wide) in paragraph at lines 207--207
[]\OT1/cmr/m/n/10.95 SSR| 
 []


Overfull \hbox (5.24033pt too wide) in paragraph at lines 207--208
[]\OT1/cmr/m/n/10.95 0.20| 
 []


Overfull \hbox (2.2747pt too wide) in paragraph at lines 208--208
[]\OT1/cmr/m/n/10.95 TG| 
 []


Overfull \hbox (29.62183pt too wide) in paragraph at lines 189--211
 [][] 
 []

[8

] (./PAPIERLZWO.bbl [9]
Missing character: There is no Ã in font cmr12!
Missing character: There is no ¶ in font cmr12!
Missing character: There is no Ã in font cmr12!
Missing character: There is no – in font cmr12!
Missing character: There is no Ã in font cmr12!
Missing character: There is no – in font cmr12!
Missing character: There is no Ã in font cmr12!
Missing character: There is no – in font cmr12!
 [10])
Package atveryend Info: Empty hook `BeforeClearDocument' on input line 247.
 [11]
Package atveryend Info: Empty hook `AfterLastShipout' on input line 247.
 (./PAPIERLZWO.aux)
Package atveryend Info: Executing hook `AtVeryEndDocument' on input line 247.
Package atveryend Info: Executing hook `AtEndAfterFileList' on input line 247.
Package rerunfilecheck Info: File `PAPIERLZWO.out' has not changed.
(rerunfilecheck)             Checksum: 1988FB6891D4DD5257AEF2C5A8A52FA2;2128.
Package atveryend Info: Empty hook `AtVeryVeryEnd' on input line 247.
 ) 
Here is how much of TeX's memory you used:
 6005 strings out of 494935
 87229 string characters out of 6178122
 191246 words of memory out of 5000000
 9127 multiletter control sequences out of 15000+600000
 10267 words of font info for 36 fonts, out of 8000000 for 9000
 36 hyphenation exceptions out of 8191
 34i,11n,34p,2390b,465s stack positions out of 5000i,500n,10000p,200000b,80000s
</usr/share/texlive/texmf-dist/fonts/type1/public/amsfonts/cm/cmbx12.pfb></us
r/share/texlive/texmf-dist/fonts/type1/public/amsfonts/cm/cmr10.pfb></usr/share
/texlive/texmf-dist/fonts/type1/public/amsfonts/cm/cmr12.pfb></usr/share/texliv
e/texmf-dist/fonts/type1/public/amsfonts/cm/cmr17.pfb></usr/share/texlive/texmf
-dist/fonts/type1/public/amsfonts/cm/cmr8.pfb></usr/share/texlive/texmf-dist/fo
nts/type1/public/amsfonts/cm/cmss8.pfb></usr/share/texlive/texmf-dist/fonts/typ
e1/public/amsfonts/cm/cmsy7.pfb></usr/share/texlive/texmf-dist/fonts/type1/publ
ic/amsfonts/cm/cmsy8.pfb></usr/share/texlive/texmf-dist/fonts/type1/public/amsf
onts/cm/cmti10.pfb></usr/share/texlive/texmf-dist/fonts/type1/public/amsfonts/c
m/cmti12.pfb></usr/share/texlive/texmf-dist/fonts/type1/public/amsfonts/cm/cmti
7.pfb></usr/share/texlive/texmf-dist/fonts/type1/public/amsfonts/cm/cmtt10.pfb>
</usr/share/texlive/texmf-dist/fonts/type1/public/amsfonts/cm/cmtt12.pfb>
Output written on PAPIERLZWO.pdf (11 pages, 183584 bytes).
PDF statistics:
 290 PDF objects out of 1000 (max. 8388607)
 259 compressed objects within 3 object streams
 63 named destinations out of 1000 (max. 500000)
 185 words of extra memory for PDF output out of 10000 (max. 10000000)

