\BOOKMARK [1][-]{section.1}{Introduction}{}% 1
\BOOKMARK [1][-]{section.2}{Material and Methods}{}% 2
\BOOKMARK [2][-]{subsection.2.1}{Study area and data}{section.2}% 3
\BOOKMARK [3][-]{subsubsection.2.1.1}{Surficial Geology}{subsection.2.1}% 4
\BOOKMARK [3][-]{subsubsection.2.1.2}{Soils}{subsection.2.1}% 5
\BOOKMARK [3][-]{subsubsection.2.1.3}{Digital elevation data}{subsection.2.1}% 6
\BOOKMARK [2][-]{subsection.2.2}{Methods}{section.2}% 7
\BOOKMARK [3][-]{subsubsection.2.2.1}{Terrain parameters with emphasis on roughness measures}{subsection.2.2}% 8
\BOOKMARK [3][-]{subsubsection.2.2.2}{general methodology}{subsection.2.2}% 9
\BOOKMARK [1][-]{section.3}{Results}{}% 10
\BOOKMARK [2][-]{subsection.3.1}{Geomorphometric analysis of geologic map units}{section.3}% 11
\BOOKMARK [2][-]{subsection.3.2}{Distribution of soils with regard to geologic units}{section.3}% 12
\BOOKMARK [1][-]{section.4}{Discussion}{}% 13
\BOOKMARK [2][-]{subsection.4.1}{Differences between geologic survey and parent material from profile site descriptions}{section.4}% 14
\BOOKMARK [3][-]{subsubsection.4.1.1}{Differences with regard to mapping purpose}{subsection.4.1}% 15
\BOOKMARK [3][-]{subsubsection.4.1.2}{Nomenclatural differences and overlaping classes}{subsection.4.1}% 16
\BOOKMARK [2][-]{subsection.4.2}{Pedologic interpretation of terrain parameters that best seperate the geological units}{section.4}% 17
\BOOKMARK [2][-]{subsection.4.3}{Distribution of soil types with regard to geologic unit as well as parent material unit}{section.4}% 18
\BOOKMARK [2][-]{subsection.4.4}{Influence of the Alpine environment on interpretability of geologic units as parent material units}{section.4}% 19
\BOOKMARK [3][-]{subsubsection.4.4.1}{High relief areas and multilayering}{subsection.4.4}% 20
\BOOKMARK [3][-]{subsubsection.4.4.2}{thin cover layers of till - an essential new parentmaterial unit?}{subsection.4.4}% 21
\BOOKMARK [3][-]{subsubsection.4.4.3}{Is the morphodynamic background of deposits a necessary distinctive attribute from a pedological point of view?}{subsection.4.4}% 22
\BOOKMARK [1][-]{section.5}{Conclusion}{}% 23
